<?xml version="1.0" encoding="UTF-8"?>
<coverage generated="1532426371570" clover="3.2.0">
  <project timestamp="1532426371571" name="All files">
    <metrics statements="2" coveredstatements="2" conditionals="0" coveredconditionals="0" methods="0" coveredmethods="0" elements="2" coveredelements="2" complexity="0" loc="2" ncloc="2" packages="1" files="1" classes="1">
      <file name="setup.js" path="/Users/nikitatikhomirov/work/rn/storybook2/setup.js">
        <metrics statements="2" coveredstatements="2" conditionals="0" coveredconditionals="0" methods="0" coveredmethods="0"/>
        <line num="2" count="1" type="stmt"/>
        <line num="3" count="1" type="stmt"/>
      </file>
    </metrics>
  </project>
</coverage>
